{
  "phase": "PHASE A — Backend Runtime Verification",
  "steps": [
    "A1",
    "A2",
    "A3"
  ],
  "results": [
    {
      "stepName": "A1",
      "passed": false,
      "stateSequence": [],
      "finalState": "",
      "finalStatus": "",
      "retryCount": 0,
      "errorMessage": "[QUALITY_ERROR] Konten buruk - Validation failed, kualitas tidak memenuhi standar: VALIDATION FAILED [WORD_COUNT_MINIMUM]: Word count below minimum tolerance: 31 \u003c 720 (target: 800-1500) - Found: \"Article has 31 words, minimum required is 720 words\""
    },
    {
      "stepName": "A2",
      "passed": true,
      "stateSequence": [
        "INIT",
        "GENERATE_RAW",
        "NORMALIZE",
        "VALIDATE",
        "QUARANTINE"
      ],
      "finalState": "QUARANTINE",
      "finalStatus": "REJECTED",
      "retryCount": 0,
      "errorType": "STRUCTURE_ERROR",
      "errorMessage": "Format rusak - JSON invalid, missing fields, atau struktur tidak sesuai"
    },
    {
      "stepName": "A3",
      "passed": true,
      "stateSequence": [
        "INIT",
        "GENERATE_RAW",
        "QUARANTINE"
      ],
      "finalState": "QUARANTINE",
      "finalStatus": "REJECTED",
      "retryCount": 0,
      "errorType": "QUALITY_ERROR",
      "errorMessage": "Konten buruk - Validation failed, kualitas tidak memenuhi standar"
    }
  ],
  "summary": "PHASE A EXECUTION SUMMARY\n================================================================================\n\nStep A1: ❌ FAILED\n  - Urutan state: \n  - Status akhir: \n  - Retry count: 0\n\nStep A2: ✅ PASSED\n  - Error type: STRUCTURE_ERROR\n  - Retry terjadi? TIDAK\n  - Status akhir: REJECTED\n\nStep A3: ✅ PASSED\n  - Retry count: 0\n  - Status akhir: REJECTED\n  - Error terakhir: QUALITY_ERROR\n\n",
  "timestamp": "2026-01-13 18:37:07"
}